<?xml version="1.0" encoding="UTF-8"?>
<testsuite name="com.example.GoldGym.GoldGymApplicationTests" tests="1" skipped="0" failures="0" errors="0" timestamp="2024-11-03T18:07:37" hostname="AFS" time="0.414">
  <properties/>
  <testcase name="contextLoads()" classname="com.example.GoldGym.GoldGymApplicationTests" time="0.414"/>
  <system-out><![CDATA[13:07:34.222 [Test worker] INFO org.springframework.test.context.support.AnnotationConfigContextLoaderUtils -- Could not detect default configuration classes for test class [com.example.GoldGym.GoldGymApplicationTests]: GoldGymApplicationTests does not declare any static, non-private, non-final, nested classes annotated with @Configuration.
13:07:34.317 [Test worker] INFO org.springframework.boot.test.context.SpringBootTestContextBootstrapper -- Found @SpringBootConfiguration com.example.GoldGym.GoldGymApplication for test class com.example.GoldGym.GoldGymApplicationTests

  .   ____          _            __ _ _
 /\\ / ___'_ __ _ _(_)_ __  __ _ \ \ \ \
( ( )\___ | '_ | '_| | '_ \/ _` | \ \ \ \
 \\/  ___)| |_)| | | | | || (_| |  ) ) ) )
  '  |____| .__|_| |_|_| |_\__, | / / / /
 =========|_|==============|___/=/_/_/_/

 :: Spring Boot ::                (v3.3.4)

2024-11-03T13:07:34.663-05:00  INFO 2708 --- [GoldGym] [    Test worker] c.e.GoldGym.GoldGymApplicationTests      : Starting GoldGymApplicationTests using Java 23.0.1 with PID 2708 (started by afsfa in C:\-repos\Java\spring\GoldGym)
2024-11-03T13:07:34.664-05:00  INFO 2708 --- [GoldGym] [    Test worker] c.e.GoldGym.GoldGymApplicationTests      : No active profile set, falling back to 1 default profile: "default"
2024-11-03T13:07:35.232-05:00  INFO 2708 --- [GoldGym] [    Test worker] .s.d.r.c.RepositoryConfigurationDelegate : Bootstrapping Spring Data JPA repositories in DEFAULT mode.
2024-11-03T13:07:35.286-05:00  INFO 2708 --- [GoldGym] [    Test worker] .s.d.r.c.RepositoryConfigurationDelegate : Finished Spring Data repository scanning in 46 ms. Found 1 JPA repository interface.
2024-11-03T13:07:35.661-05:00  INFO 2708 --- [GoldGym] [    Test worker] o.hibernate.jpa.internal.util.LogHelper  : HHH000204: Processing PersistenceUnitInfo [name: default]
2024-11-03T13:07:35.727-05:00  INFO 2708 --- [GoldGym] [    Test worker] org.hibernate.Version                    : HHH000412: Hibernate ORM core version 6.5.3.Final
2024-11-03T13:07:35.767-05:00  INFO 2708 --- [GoldGym] [    Test worker] o.h.c.internal.RegionFactoryInitiator    : HHH000026: Second-level cache disabled
2024-11-03T13:07:36.047-05:00  INFO 2708 --- [GoldGym] [    Test worker] o.s.o.j.p.SpringPersistenceUnitInfo      : No LoadTimeWeaver setup: ignoring JPA class transformer
2024-11-03T13:07:36.079-05:00  INFO 2708 --- [GoldGym] [    Test worker] com.zaxxer.hikari.HikariDataSource       : HikariPool-1 - Starting...
2024-11-03T13:07:36.381-05:00  INFO 2708 --- [GoldGym] [    Test worker] com.zaxxer.hikari.pool.HikariPool        : HikariPool-1 - Added connection com.mysql.cj.jdbc.ConnectionImpl@2fd4312a
2024-11-03T13:07:36.384-05:00  INFO 2708 --- [GoldGym] [    Test worker] com.zaxxer.hikari.HikariDataSource       : HikariPool-1 - Start completed.
2024-11-03T13:07:37.101-05:00  INFO 2708 --- [GoldGym] [    Test worker] o.h.e.t.j.p.i.JtaPlatformInitiator       : HHH000489: No JTA platform available (set 'hibernate.transaction.jta.platform' to enable JTA platform integration)
2024-11-03T13:07:37.138-05:00  INFO 2708 --- [GoldGym] [    Test worker] j.LocalContainerEntityManagerFactoryBean : Initialized JPA EntityManagerFactory for persistence unit 'default'
2024-11-03T13:07:37.477-05:00  WARN 2708 --- [GoldGym] [    Test worker] JpaBaseConfiguration$JpaWebConfiguration : spring.jpa.open-in-view is enabled by default. Therefore, database queries may be performed during view rendering. Explicitly configure spring.jpa.open-in-view to disable this warning
2024-11-03T13:07:37.829-05:00  INFO 2708 --- [GoldGym] [    Test worker] c.e.GoldGym.GoldGymApplicationTests      : Started GoldGymApplicationTests in 3.365 seconds (process running for 4.387)
]]></system-out>
  <system-err><![CDATA[WARNING: A Java agent has been loaded dynamically (C:\Users\afsfa\.gradle\caches\modules-2\files-2.1\net.bytebuddy\byte-buddy-agent\1.14.19\154da3a65b4f4a909d3e5bdec55d1b2b4cbb6ce1\byte-buddy-agent-1.14.19.jar)
WARNING: If a serviceability tool is in use, please run with -XX:+EnableDynamicAgentLoading to hide this warning
WARNING: If a serviceability tool is not in use, please run with -Djdk.instrument.traceUsage for more information
WARNING: Dynamic loading of agents will be disallowed by default in a future release
]]></system-err>
</testsuite>
